C51 COMPILER V9.59.0.0   ADC                                                               09/25/2019 14:50:56 PAGE 1   


C51 COMPILER V9.59.0.0, COMPILATION OF MODULE ADC
OBJECT MODULE PLACED IN .\_Obj\ADC.obj
COMPILER INVOKED BY: C:\Keil_v5\C51\BIN\C51.EXE ..\Libraries\ADC.c LARGE OMF2 OPTIMIZE(8,SPEED) BROWSE INCDIR(..\Source;
                    -..\Libraries) DEFINE(MB_MT=0,Uart1=1,Uart2=0) DEBUG PRINT(..\_List\ADC.lst) OBJECT(.\_Obj\ADC.obj)

line level    source

   1          //--------------------------------------------------------------------------
   2          //
   3          //
   4          //
   5          //--------------------------------------------------------------------------
   6          #include <string.h>
   7          #include "REG_MG82FG5Bxx.h"
   8          #include "Define.h"
   9          #include "ADC.h"
  10          //--------------------------------------------------------------------------
  11          idata unsigned char   ADC_SEL = 0;
  12          idata unsigned short  ADC_BUFF[4]  = {0};
  13          idata float ADC_SCALE[4] = {1.0};
  14          idata char  ADC_ZERO[4]  = {0};
  15          //--------------------------------------------------------------------------
  16          void Initial_ADC(char c)
  17          {
  18   1              P1AIO = 0x0F;
  19   1              ADCFG0 = ADCKS1 | ADCKS0 | ADRJ;
  20   1              ADCFG1 = 0;
  21   1              ADCON0 = ADCEN;
  22   1              if(c) EIE1 |=  EADC;
  23   1      }
  24          //--------------------------------------------------------------------------
  25          // 타이머 인터럽트 1mSec 마다 timer_cnt 증가
  26          void RD_ADC(void) interrupt 9   // using 2
  27          {
  28   1              idata unsigned short  ADC_BUF =  0;
  29   1              idata unsigned char c = 0;
  30   1              //---
  31   1              ADCON0 &= ~ADCS;
  32   1              ADC_BUF = ((ADCDH & 0x03) << 8) + ADCDL; 
  33   1              //---
  34   1              ADC_BUFF[ADC_SEL] = ADC_BUF;
  35   1              ADC_SEL++; if(ADC_SEL >= 4) ADC_SEL = 0;
  36   1              ADCON0 &= 0xF8;         ADCON0 |= ADC_SEL;
  37   1      }
  38          //--------------------------------------------------------------------------
  39          void Start_ADC(void)
  40          {
  41   1              ADCON0 |= ADCS;
  42   1      }
  43          //--------------------------------------------------------------------------
  44          unsigned short Read_ADC(void)
  45          {
  46   1              idata unsigned short  ADC_BUF =  0;
  47   1              //---
  48   1              ADCON0 |= 0x08;
  49   1              while(!(ADCON0 & 0x10));                        //wait ADC finish conversion
  50   1              ADC_BUF = ((ADCDH & 0x03) << 8) + ADCDL; 
  51   1              ADCON0 &= 0xEF;                                         //clear ADC interrupt flag
  52   1              //---
  53   1              return(ADC_BUF);
  54   1      }
C51 COMPILER V9.59.0.0   ADC                                                               09/25/2019 14:50:56 PAGE 2   

  55          //--------------------------------------------------------------------------
  56          void Select_ADC(unsigned char c)
  57          {
  58   1              unsigned int i = 0;
  59   1              //---
  60   1              ADCON0 &= 0xF8;
  61   1              ADCON0 |= c;
  62   1              i = 1000; while(i--);
  63   1              ADCON0 |= ADCS;
  64   1      }
  65          //--------------------------------------------------------------------------
  66          // End of File


MODULE INFORMATION:   STATIC OVERLAYABLE
   CODE SIZE        =    194    ----
   CONSTANT SIZE    =   ----    ----
   XDATA SIZE       =   ----    ----
   PDATA SIZE       =   ----    ----
   DATA SIZE        =   ----    ----
   IDATA SIZE       =     29       5
   BIT SIZE         =   ----    ----
   EDATA SIZE       =   ----    ----
   HDATA SIZE       =   ----    ----
   XDATA CONST SIZE =   ----    ----
   FAR CONST SIZE   =   ----    ----
END OF MODULE INFORMATION.


C51 COMPILATION COMPLETE.  0 WARNING(S),  0 ERROR(S)
